[2025-04-23 13:00:08] Inizio processo di ottimizzazione SEO avanzata per Zaccaria NCC
[2025-04-23 13:00:08] Creato branch git: seo-optimization-20250423
[2025-04-23 13:00:08] Installazione dipendenze per ottimizzazione SEO...
[2025-04-23 13:00:08] Installazione dipendenze SEO...
[2025-04-23 13:00:08] INFO: Dipendenza next-sitemap già installata
[2025-04-23 13:00:08] INFO: Dipendenza schema-dts già installata
[2025-04-23 13:00:08] INFO: Dipendenza next-seo già installata
[2025-04-23 13:00:08] INFO: Dipendenza plausible-tracker già installata
[2025-04-23 13:00:08] INFO: Dipendenza axios già installata
[2025-04-23 13:00:08] Implementazione del monitoraggio keyword...
[2025-04-23 13:00:08] Creato API endpoint per monitoraggio keyword
[2025-04-23 13:00:08] Creato hook per rilevamento keyword
[2025-04-23 13:00:08] Creato componente dashboard keyword per amministratori
[2025-04-23 13:00:08] Implementazione delle ottimizzazioni per la conversione...
[2025-04-23 13:00:08] Creato componente Smart CTA
[2025-04-23 13:00:08] Creato componente Form Preventivo avanzato
[2025-04-23 13:00:08] Creato componente di feedback SEO
[2025-04-23 13:00:08] Aggiornato CSS globale con stili per nuovi componenti
[2025-04-23 13:00:08] Creato API endpoint per monitoraggio performance SEO
[2025-04-23 13:00:08] Integrazione dei nuovi componenti nelle pagine esistenti...
[2025-04-23 13:00:08] Creato componente SEO Optimization Layer
[2025-04-23 13:00:08] INFO: Backed up ./src/app/layout.js to ./src/app/layout.js.bak.20250423_130008
[2025-04-23 13:00:08] Aggiornato layout.js per includere il componente SEO Optimization Layer
[2025-04-23 13:00:08] INFO: Backed up ./src/components/sections/Contact.js to ./src/components/sections/Contact.js.bak.20250423_130008
[2025-04-23 13:00:08] Aggiornato componente Contact con Form di Preventivo avanzato e SEO Feedback
[2025-04-23 13:00:08] Creato file di configurazione next-sitemap
[2025-04-23 13:00:08] INFO: Backed up ./package.json to ./package.json.bak.20250423_130008
[2025-04-23 13:00:08] Aggiornato package.json con script sitemap
[2025-04-23 13:00:08] Creata pagina dashboard SEO per amministratori
[2025-04-23 13:00:08] Creato robots.txt ottimizzato
[2025-04-23 13:00:10] Installazione delle dipendenze aggiornate...
